<?xml version="1.0" encoding="UTF-8"?>
<!-- Generated by org.testng.reporters.JUnitXMLReporter -->
<testsuite ignored="2" hostname="LAPTOP-A1J62A9F" failures="0" tests="1" name="Default test" time="18.662" errors="0" timestamp="2025-07-25T11:11:05 IST">
  <testcase classname="com.qa.opencart.tests.LoginPageTest" name="loginTest" time="8.864"/>
  <testcase classname="com.qa.opencart.tests.LoginPageTest" name="getPageTitleTest" time="0.0">
    <ignored/>
  </testcase> <!-- getPageTitleTest -->
  <testcase classname="com.qa.opencart.tests.LoginPageTest" name="loginPageUrlTest" time="0.0">
    <ignored/>
  </testcase> <!-- loginPageUrlTest -->
</testsuite> <!-- Default test -->
