<?xml version="1.0" encoding="UTF-8"?>
<!-- Generated by org.testng.reporters.JUnitXMLReporter -->
<testsuite ignored="0" hostname="LAPTOP-A1J62A9F" failures="0" tests="4" name="Account Page Test" time="18.682" errors="0" timestamp="2025-07-25T15:06:50 IST">
  <testcase classname="com.qa.opencart.tests.AccountPageTest" name="accPageHeadersCountTest" time="0.105"/>
  <testcase classname="com.qa.opencart.tests.AccountPageTest" name="accPageHeadersList" time="0.114"/>
  <testcase classname="com.qa.opencart.tests.AccountPageTest" name="accPageTitleTest" time="0.007"/>
  <testcase classname="com.qa.opencart.tests.AccountPageTest" name="isLogoutLinkExistTest" time="0.311"/>
</testsuite> <!-- Account Page Test -->
